{"__type":"$$EventMessageAudit","id":"070872be-a599-42e8-9180-c3d77704eca7","ts":"2025-02-27T12:29:19.463+00:00","eventName":"n8n.audit.workflow.created","message":"n8n.audit.workflow.created","payload":{"userId":"5c4cdec9-7ddb-4515-a50a-4c2f45a40171","_email":"santosejecutivo@gmail.com","_firstName":"Andres Felipe","_lastName":"Santos Lara","globalRole":"global:owner","workflowId":"mkgspl31vXwl91Nv","workflowName":"publicacion automatica"}}
{"__type":"$$EventMessageConfirm","confirm":"070872be-a599-42e8-9180-c3d77704eca7","ts":"2025-02-27T12:29:19.595+00:00","source":{"id":"0","name":"eventBus"}}
{"__type":"$$EventMessageAudit","id":"484f55ab-98f8-4e95-9568-cd7e344cf958","ts":"2025-02-27T13:00:32.802+00:00","eventName":"n8n.audit.user.credentials.created","message":"n8n.audit.user.credentials.created","payload":{"userId":"5c4cdec9-7ddb-4515-a50a-4c2f45a40171","_email":"santosejecutivo@gmail.com","_firstName":"Andres Felipe","_lastName":"Santos Lara","globalRole":"global:owner","credentialType":"telegramApi","credentialId":"YQ9NtpcYM3yKmXhU","publicApi":false,"projectId":"nsY7fbtP14tdBeHM","projectType":"personal"}}
{"__type":"$$EventMessageConfirm","confirm":"484f55ab-98f8-4e95-9568-cd7e344cf958","ts":"2025-02-27T13:00:32.804+00:00","source":{"id":"0","name":"eventBus"}}
{"__type":"$$EventMessageWorkflow","id":"195570b2-ec96-411e-8d04-3e5cbde5d861","ts":"2025-02-27T08:07:04.788-05:00","eventName":"n8n.workflow.started","message":"n8n.workflow.started","payload":{"executionId":"1","workflowId":"mkgspl31vXwl91Nv","isManual":false,"workflowName":"publicacion automatica"}}
{"__type":"$$EventMessageConfirm","confirm":"195570b2-ec96-411e-8d04-3e5cbde5d861","ts":"2025-02-27T08:07:04.791-05:00","source":{"id":"0","name":"eventBus"}}
{"__type":"$$EventMessageNode","id":"41c9ded9-43e2-480f-a416-e3518cef2d5e","ts":"2025-02-27T08:07:04.799-05:00","eventName":"n8n.node.started","message":"n8n.node.started","payload":{"workflowId":"mkgspl31vXwl91Nv","workflowName":"publicacion automatica","executionId":"1","nodeType":"n8n-nodes-base.scheduleTrigger","nodeName":"programacion cada hora"}}
{"__type":"$$EventMessageConfirm","confirm":"41c9ded9-43e2-480f-a416-e3518cef2d5e","ts":"2025-02-27T08:07:04.799-05:00","source":{"id":"0","name":"eventBus"}}
{"__type":"$$EventMessageNode","id":"c23c3dac-3008-4c62-8d58-2f1a8b4b5b4e","ts":"2025-02-27T08:07:04.836-05:00","eventName":"n8n.node.finished","message":"n8n.node.finished","payload":{"workflowId":"mkgspl31vXwl91Nv","workflowName":"publicacion automatica","executionId":"1","nodeType":"n8n-nodes-base.scheduleTrigger","nodeName":"programacion cada hora"}}
{"__type":"$$EventMessageConfirm","confirm":"c23c3dac-3008-4c62-8d58-2f1a8b4b5b4e","ts":"2025-02-27T08:07:04.837-05:00","source":{"id":"0","name":"eventBus"}}
{"__type":"$$EventMessageNode","id":"d4b69281-4dc8-43cb-bc1c-1f85860dc6d0","ts":"2025-02-27T08:07:04.838-05:00","eventName":"n8n.node.started","message":"n8n.node.started","payload":{"workflowId":"mkgspl31vXwl91Nv","workflowName":"publicacion automatica","executionId":"1","nodeType":"n8n-nodes-base.telegram","nodeName":"Telegram"}}
{"__type":"$$EventMessageConfirm","confirm":"d4b69281-4dc8-43cb-bc1c-1f85860dc6d0","ts":"2025-02-27T08:07:04.838-05:00","source":{"id":"0","name":"eventBus"}}
{"__type":"$$EventMessageNode","id":"2e31b447-7a00-494f-bd5e-62360fbb0620","ts":"2025-02-27T08:07:05.703-05:00","eventName":"n8n.node.finished","message":"n8n.node.finished","payload":{"workflowId":"mkgspl31vXwl91Nv","workflowName":"publicacion automatica","executionId":"1","nodeType":"n8n-nodes-base.telegram","nodeName":"Telegram"}}
{"__type":"$$EventMessageConfirm","confirm":"2e31b447-7a00-494f-bd5e-62360fbb0620","ts":"2025-02-27T08:07:05.703-05:00","source":{"id":"0","name":"eventBus"}}
{"__type":"$$EventMessageWorkflow","id":"e4138713-d21a-4597-a896-febaecea13cf","ts":"2025-02-27T08:07:05.728-05:00","eventName":"n8n.workflow.success","message":"n8n.workflow.success","payload":{"executionId":"1","userId":"5c4cdec9-7ddb-4515-a50a-4c2f45a40171","success":true,"isManual":true,"workflowId":"mkgspl31vXwl91Nv","workflowName":"publicacion automatica"}}
{"__type":"$$EventMessageConfirm","confirm":"e4138713-d21a-4597-a896-febaecea13cf","ts":"2025-02-27T08:07:05.728-05:00","source":{"id":"0","name":"eventBus"}}
{"__type":"$$EventMessageAudit","id":"87cf93c6-f1f3-460e-9ebd-ee55b548bb71","ts":"2025-02-27T08:07:33.518-05:00","eventName":"n8n.audit.workflow.updated","message":"n8n.audit.workflow.updated","payload":{"userId":"5c4cdec9-7ddb-4515-a50a-4c2f45a40171","_email":"santosejecutivo@gmail.com","_firstName":"Andres Felipe","_lastName":"Santos Lara","globalRole":"global:owner","workflowId":"mkgspl31vXwl91Nv","workflowName":"publicacion automatica"}}
{"__type":"$$EventMessageConfirm","confirm":"87cf93c6-f1f3-460e-9ebd-ee55b548bb71","ts":"2025-02-27T08:07:33.518-05:00","source":{"id":"0","name":"eventBus"}}
{"__type":"$$EventMessageWorkflow","id":"c404771d-e48c-4a69-860d-413c7eb6d082","ts":"2025-02-27T08:07:36.814-05:00","eventName":"n8n.workflow.started","message":"n8n.workflow.started","payload":{"executionId":"2","workflowId":"mkgspl31vXwl91Nv","isManual":false,"workflowName":"publicacion automatica"}}
{"__type":"$$EventMessageConfirm","confirm":"c404771d-e48c-4a69-860d-413c7eb6d082","ts":"2025-02-27T08:07:36.814-05:00","source":{"id":"0","name":"eventBus"}}
{"__type":"$$EventMessageNode","id":"37f13b61-2c07-478f-b376-e6bb3ccee469","ts":"2025-02-27T08:07:36.815-05:00","eventName":"n8n.node.started","message":"n8n.node.started","payload":{"workflowId":"mkgspl31vXwl91Nv","workflowName":"publicacion automatica","executionId":"2","nodeType":"n8n-nodes-base.scheduleTrigger","nodeName":"programacion cada hora"}}
{"__type":"$$EventMessageConfirm","confirm":"37f13b61-2c07-478f-b376-e6bb3ccee469","ts":"2025-02-27T08:07:36.816-05:00","source":{"id":"0","name":"eventBus"}}
{"__type":"$$EventMessageNode","id":"6a53ffc1-f09b-4635-b2aa-d201f5666a6b","ts":"2025-02-27T08:07:36.819-05:00","eventName":"n8n.node.finished","message":"n8n.node.finished","payload":{"workflowId":"mkgspl31vXwl91Nv","workflowName":"publicacion automatica","executionId":"2","nodeType":"n8n-nodes-base.scheduleTrigger","nodeName":"programacion cada hora"}}
{"__type":"$$EventMessageConfirm","confirm":"6a53ffc1-f09b-4635-b2aa-d201f5666a6b","ts":"2025-02-27T08:07:36.819-05:00","source":{"id":"0","name":"eventBus"}}
{"__type":"$$EventMessageNode","id":"0bbf4e86-29ea-4030-8bfe-e4c86ee176a2","ts":"2025-02-27T08:07:36.820-05:00","eventName":"n8n.node.started","message":"n8n.node.started","payload":{"workflowId":"mkgspl31vXwl91Nv","workflowName":"publicacion automatica","executionId":"2","nodeType":"n8n-nodes-base.telegram","nodeName":"Telegram"}}
{"__type":"$$EventMessageConfirm","confirm":"0bbf4e86-29ea-4030-8bfe-e4c86ee176a2","ts":"2025-02-27T08:07:36.820-05:00","source":{"id":"0","name":"eventBus"}}
{"__type":"$$EventMessageNode","id":"929e0484-50fe-4338-aea4-f0016a2bed5e","ts":"2025-02-27T08:07:37.497-05:00","eventName":"n8n.node.finished","message":"n8n.node.finished","payload":{"workflowId":"mkgspl31vXwl91Nv","workflowName":"publicacion automatica","executionId":"2","nodeType":"n8n-nodes-base.telegram","nodeName":"Telegram"}}
{"__type":"$$EventMessageConfirm","confirm":"929e0484-50fe-4338-aea4-f0016a2bed5e","ts":"2025-02-27T08:07:37.498-05:00","source":{"id":"0","name":"eventBus"}}
{"__type":"$$EventMessageWorkflow","id":"47faa121-d2f5-4718-9623-d7a9ba754d53","ts":"2025-02-27T08:07:37.502-05:00","eventName":"n8n.workflow.success","message":"n8n.workflow.success","payload":{"executionId":"2","userId":"5c4cdec9-7ddb-4515-a50a-4c2f45a40171","success":true,"isManual":true,"workflowId":"mkgspl31vXwl91Nv","workflowName":"publicacion automatica"}}
{"__type":"$$EventMessageConfirm","confirm":"47faa121-d2f5-4718-9623-d7a9ba754d53","ts":"2025-02-27T08:07:37.502-05:00","source":{"id":"0","name":"eventBus"}}
{"__type":"$$EventMessageWorkflow","id":"410d745a-5a14-42ec-99a6-e60fc47fb86d","ts":"2025-02-27T08:07:56.183-05:00","eventName":"n8n.workflow.started","message":"n8n.workflow.started","payload":{"executionId":"3","workflowId":"mkgspl31vXwl91Nv","isManual":false,"workflowName":"publicacion automatica"}}
{"__type":"$$EventMessageConfirm","confirm":"410d745a-5a14-42ec-99a6-e60fc47fb86d","ts":"2025-02-27T08:07:56.183-05:00","source":{"id":"0","name":"eventBus"}}
{"__type":"$$EventMessageNode","id":"3845cde6-eef1-4a32-a98f-06115f2291a2","ts":"2025-02-27T08:07:56.184-05:00","eventName":"n8n.node.started","message":"n8n.node.started","payload":{"workflowId":"mkgspl31vXwl91Nv","workflowName":"publicacion automatica","executionId":"3","nodeType":"n8n-nodes-base.scheduleTrigger","nodeName":"programacion cada hora"}}
{"__type":"$$EventMessageConfirm","confirm":"3845cde6-eef1-4a32-a98f-06115f2291a2","ts":"2025-02-27T08:07:56.184-05:00","source":{"id":"0","name":"eventBus"}}
{"__type":"$$EventMessageNode","id":"b8d3f01a-33d6-489c-b718-0b00a5a78a47","ts":"2025-02-27T08:07:56.186-05:00","eventName":"n8n.node.finished","message":"n8n.node.finished","payload":{"workflowId":"mkgspl31vXwl91Nv","workflowName":"publicacion automatica","executionId":"3","nodeType":"n8n-nodes-base.scheduleTrigger","nodeName":"programacion cada hora"}}
{"__type":"$$EventMessageConfirm","confirm":"b8d3f01a-33d6-489c-b718-0b00a5a78a47","ts":"2025-02-27T08:07:56.186-05:00","source":{"id":"0","name":"eventBus"}}
{"__type":"$$EventMessageNode","id":"a9aa0a7c-ae68-4d86-876c-3a0dd70b2b0d","ts":"2025-02-27T08:07:56.186-05:00","eventName":"n8n.node.started","message":"n8n.node.started","payload":{"workflowId":"mkgspl31vXwl91Nv","workflowName":"publicacion automatica","executionId":"3","nodeType":"n8n-nodes-base.telegram","nodeName":"Telegram"}}
{"__type":"$$EventMessageConfirm","confirm":"a9aa0a7c-ae68-4d86-876c-3a0dd70b2b0d","ts":"2025-02-27T08:07:56.186-05:00","source":{"id":"0","name":"eventBus"}}
{"__type":"$$EventMessageNode","id":"79a2a0f8-5d8f-4c31-a611-3a3f44a37a96","ts":"2025-02-27T08:07:56.773-05:00","eventName":"n8n.node.finished","message":"n8n.node.finished","payload":{"workflowId":"mkgspl31vXwl91Nv","workflowName":"publicacion automatica","executionId":"3","nodeType":"n8n-nodes-base.telegram","nodeName":"Telegram"}}
{"__type":"$$EventMessageConfirm","confirm":"79a2a0f8-5d8f-4c31-a611-3a3f44a37a96","ts":"2025-02-27T08:07:56.773-05:00","source":{"id":"0","name":"eventBus"}}
{"__type":"$$EventMessageWorkflow","id":"e382f744-bc63-45c8-9082-c46b511344d2","ts":"2025-02-27T08:07:56.778-05:00","eventName":"n8n.workflow.success","message":"n8n.workflow.success","payload":{"executionId":"3","userId":"5c4cdec9-7ddb-4515-a50a-4c2f45a40171","success":true,"isManual":true,"workflowId":"mkgspl31vXwl91Nv","workflowName":"publicacion automatica"}}
{"__type":"$$EventMessageConfirm","confirm":"e382f744-bc63-45c8-9082-c46b511344d2","ts":"2025-02-27T08:07:56.779-05:00","source":{"id":"0","name":"eventBus"}}
{"__type":"$$EventMessageWorkflow","id":"9a5737cb-5b49-4370-8133-2f384a387a6a","ts":"2025-02-27T08:08:51.965-05:00","eventName":"n8n.workflow.started","message":"n8n.workflow.started","payload":{"executionId":"4","workflowId":"mkgspl31vXwl91Nv","isManual":false,"workflowName":"publicacion automatica"}}
{"__type":"$$EventMessageConfirm","confirm":"9a5737cb-5b49-4370-8133-2f384a387a6a","ts":"2025-02-27T08:08:51.965-05:00","source":{"id":"0","name":"eventBus"}}
{"__type":"$$EventMessageNode","id":"d6222beb-71fb-4d90-9eac-926478477969","ts":"2025-02-27T08:08:51.966-05:00","eventName":"n8n.node.started","message":"n8n.node.started","payload":{"workflowId":"mkgspl31vXwl91Nv","workflowName":"publicacion automatica","executionId":"4","nodeType":"n8n-nodes-base.telegram","nodeName":"Telegram"}}
{"__type":"$$EventMessageConfirm","confirm":"d6222beb-71fb-4d90-9eac-926478477969","ts":"2025-02-27T08:08:51.966-05:00","source":{"id":"0","name":"eventBus"}}
{"__type":"$$EventMessageNode","id":"de5e370c-1135-447d-b275-228ed6f2f34e","ts":"2025-02-27T08:08:52.751-05:00","eventName":"n8n.node.finished","message":"n8n.node.finished","payload":{"workflowId":"mkgspl31vXwl91Nv","workflowName":"publicacion automatica","executionId":"4","nodeType":"n8n-nodes-base.telegram","nodeName":"Telegram"}}
{"__type":"$$EventMessageConfirm","confirm":"de5e370c-1135-447d-b275-228ed6f2f34e","ts":"2025-02-27T08:08:52.751-05:00","source":{"id":"0","name":"eventBus"}}
{"__type":"$$EventMessageWorkflow","id":"778723c2-61ba-47da-9f87-b640b565fe78","ts":"2025-02-27T08:08:52.754-05:00","eventName":"n8n.workflow.success","message":"n8n.workflow.success","payload":{"executionId":"4","userId":"5c4cdec9-7ddb-4515-a50a-4c2f45a40171","success":true,"isManual":true,"workflowId":"mkgspl31vXwl91Nv","workflowName":"publicacion automatica"}}
{"__type":"$$EventMessageConfirm","confirm":"778723c2-61ba-47da-9f87-b640b565fe78","ts":"2025-02-27T08:08:52.755-05:00","source":{"id":"0","name":"eventBus"}}
{"__type":"$$EventMessageWorkflow","id":"bb18815f-6d6f-4906-a0dd-3af6f4af8482","ts":"2025-02-27T08:09:04.318-05:00","eventName":"n8n.workflow.started","message":"n8n.workflow.started","payload":{"executionId":"5","workflowId":"mkgspl31vXwl91Nv","isManual":false,"workflowName":"publicacion automatica"}}
{"__type":"$$EventMessageConfirm","confirm":"bb18815f-6d6f-4906-a0dd-3af6f4af8482","ts":"2025-02-27T08:09:04.318-05:00","source":{"id":"0","name":"eventBus"}}
{"__type":"$$EventMessageNode","id":"24ae6f9b-6d51-4b87-a3c5-452b215b03cc","ts":"2025-02-27T08:09:04.319-05:00","eventName":"n8n.node.started","message":"n8n.node.started","payload":{"workflowId":"mkgspl31vXwl91Nv","workflowName":"publicacion automatica","executionId":"5","nodeType":"n8n-nodes-base.scheduleTrigger","nodeName":"programacion cada hora"}}
{"__type":"$$EventMessageConfirm","confirm":"24ae6f9b-6d51-4b87-a3c5-452b215b03cc","ts":"2025-02-27T08:09:04.319-05:00","source":{"id":"0","name":"eventBus"}}
{"__type":"$$EventMessageNode","id":"57b0df4c-1f24-425f-88b4-1d4b21cf4793","ts":"2025-02-27T08:09:04.321-05:00","eventName":"n8n.node.finished","message":"n8n.node.finished","payload":{"workflowId":"mkgspl31vXwl91Nv","workflowName":"publicacion automatica","executionId":"5","nodeType":"n8n-nodes-base.scheduleTrigger","nodeName":"programacion cada hora"}}
{"__type":"$$EventMessageConfirm","confirm":"57b0df4c-1f24-425f-88b4-1d4b21cf4793","ts":"2025-02-27T08:09:04.321-05:00","source":{"id":"0","name":"eventBus"}}
{"__type":"$$EventMessageNode","id":"e3e9266a-e83c-4a5f-8be2-408911856990","ts":"2025-02-27T08:09:04.322-05:00","eventName":"n8n.node.started","message":"n8n.node.started","payload":{"workflowId":"mkgspl31vXwl91Nv","workflowName":"publicacion automatica","executionId":"5","nodeType":"n8n-nodes-base.telegram","nodeName":"Telegram"}}
{"__type":"$$EventMessageConfirm","confirm":"e3e9266a-e83c-4a5f-8be2-408911856990","ts":"2025-02-27T08:09:04.322-05:00","source":{"id":"0","name":"eventBus"}}
{"__type":"$$EventMessageNode","id":"88c881fd-b93e-4dfc-9d99-17f52088a258","ts":"2025-02-27T08:09:05.365-05:00","eventName":"n8n.node.finished","message":"n8n.node.finished","payload":{"workflowId":"mkgspl31vXwl91Nv","workflowName":"publicacion automatica","executionId":"5","nodeType":"n8n-nodes-base.telegram","nodeName":"Telegram"}}
{"__type":"$$EventMessageConfirm","confirm":"88c881fd-b93e-4dfc-9d99-17f52088a258","ts":"2025-02-27T08:09:05.365-05:00","source":{"id":"0","name":"eventBus"}}
{"__type":"$$EventMessageWorkflow","id":"6c3a7846-7f18-428f-ba3a-abd049e9cfc1","ts":"2025-02-27T08:09:05.369-05:00","eventName":"n8n.workflow.success","message":"n8n.workflow.success","payload":{"executionId":"5","userId":"5c4cdec9-7ddb-4515-a50a-4c2f45a40171","success":true,"isManual":true,"workflowId":"mkgspl31vXwl91Nv","workflowName":"publicacion automatica"}}
{"__type":"$$EventMessageConfirm","confirm":"6c3a7846-7f18-428f-ba3a-abd049e9cfc1","ts":"2025-02-27T08:09:05.370-05:00","source":{"id":"0","name":"eventBus"}}
{"__type":"$$EventMessageWorkflow","id":"31360216-a14b-4ee0-84d9-09ad13d4a29a","ts":"2025-02-27T08:09:20.671-05:00","eventName":"n8n.workflow.started","message":"n8n.workflow.started","payload":{"executionId":"6","workflowId":"mkgspl31vXwl91Nv","isManual":false,"workflowName":"publicacion automatica"}}
{"__type":"$$EventMessageConfirm","confirm":"31360216-a14b-4ee0-84d9-09ad13d4a29a","ts":"2025-02-27T08:09:20.671-05:00","source":{"id":"0","name":"eventBus"}}
{"__type":"$$EventMessageNode","id":"ad5e458c-5154-4bc1-824c-95f13fcd9e7c","ts":"2025-02-27T08:09:20.672-05:00","eventName":"n8n.node.started","message":"n8n.node.started","payload":{"workflowId":"mkgspl31vXwl91Nv","workflowName":"publicacion automatica","executionId":"6","nodeType":"n8n-nodes-base.telegram","nodeName":"Telegram"}}
{"__type":"$$EventMessageConfirm","confirm":"ad5e458c-5154-4bc1-824c-95f13fcd9e7c","ts":"2025-02-27T08:09:20.672-05:00","source":{"id":"0","name":"eventBus"}}
{"__type":"$$EventMessageNode","id":"212256c2-988a-4cbe-8308-631fb9f4a691","ts":"2025-02-27T08:09:21.387-05:00","eventName":"n8n.node.finished","message":"n8n.node.finished","payload":{"workflowId":"mkgspl31vXwl91Nv","workflowName":"publicacion automatica","executionId":"6","nodeType":"n8n-nodes-base.telegram","nodeName":"Telegram"}}
{"__type":"$$EventMessageConfirm","confirm":"212256c2-988a-4cbe-8308-631fb9f4a691","ts":"2025-02-27T08:09:21.388-05:00","source":{"id":"0","name":"eventBus"}}
{"__type":"$$EventMessageWorkflow","id":"b44f3bbd-8351-43fe-aa10-21b54c2f2ec7","ts":"2025-02-27T08:09:21.391-05:00","eventName":"n8n.workflow.success","message":"n8n.workflow.success","payload":{"executionId":"6","userId":"5c4cdec9-7ddb-4515-a50a-4c2f45a40171","success":true,"isManual":true,"workflowId":"mkgspl31vXwl91Nv","workflowName":"publicacion automatica"}}
{"__type":"$$EventMessageConfirm","confirm":"b44f3bbd-8351-43fe-aa10-21b54c2f2ec7","ts":"2025-02-27T08:09:21.391-05:00","source":{"id":"0","name":"eventBus"}}
{"__type":"$$EventMessageWorkflow","id":"c861f241-9353-4ff9-bd95-92674c7e5d34","ts":"2025-02-27T08:09:30.624-05:00","eventName":"n8n.workflow.started","message":"n8n.workflow.started","payload":{"executionId":"7","workflowId":"mkgspl31vXwl91Nv","isManual":false,"workflowName":"publicacion automatica"}}
{"__type":"$$EventMessageConfirm","confirm":"c861f241-9353-4ff9-bd95-92674c7e5d34","ts":"2025-02-27T08:09:30.624-05:00","source":{"id":"0","name":"eventBus"}}
{"__type":"$$EventMessageNode","id":"3eb138f1-33e8-4922-8cb9-ae8a2a568c4e","ts":"2025-02-27T08:09:30.625-05:00","eventName":"n8n.node.started","message":"n8n.node.started","payload":{"workflowId":"mkgspl31vXwl91Nv","workflowName":"publicacion automatica","executionId":"7","nodeType":"n8n-nodes-base.scheduleTrigger","nodeName":"programacion cada hora"}}
{"__type":"$$EventMessageConfirm","confirm":"3eb138f1-33e8-4922-8cb9-ae8a2a568c4e","ts":"2025-02-27T08:09:30.625-05:00","source":{"id":"0","name":"eventBus"}}
{"__type":"$$EventMessageNode","id":"63e68b59-6a89-4308-b877-1548a100a438","ts":"2025-02-27T08:09:30.627-05:00","eventName":"n8n.node.finished","message":"n8n.node.finished","payload":{"workflowId":"mkgspl31vXwl91Nv","workflowName":"publicacion automatica","executionId":"7","nodeType":"n8n-nodes-base.scheduleTrigger","nodeName":"programacion cada hora"}}
{"__type":"$$EventMessageConfirm","confirm":"63e68b59-6a89-4308-b877-1548a100a438","ts":"2025-02-27T08:09:30.627-05:00","source":{"id":"0","name":"eventBus"}}
{"__type":"$$EventMessageNode","id":"552a192b-93f9-4cba-8356-1af04ad62644","ts":"2025-02-27T08:09:30.628-05:00","eventName":"n8n.node.started","message":"n8n.node.started","payload":{"workflowId":"mkgspl31vXwl91Nv","workflowName":"publicacion automatica","executionId":"7","nodeType":"n8n-nodes-base.telegram","nodeName":"Telegram"}}
{"__type":"$$EventMessageConfirm","confirm":"552a192b-93f9-4cba-8356-1af04ad62644","ts":"2025-02-27T08:09:30.628-05:00","source":{"id":"0","name":"eventBus"}}
{"__type":"$$EventMessageNode","id":"4a63e0a1-75c2-4219-aab1-932c5a5fbc54","ts":"2025-02-27T08:09:31.325-05:00","eventName":"n8n.node.finished","message":"n8n.node.finished","payload":{"workflowId":"mkgspl31vXwl91Nv","workflowName":"publicacion automatica","executionId":"7","nodeType":"n8n-nodes-base.telegram","nodeName":"Telegram"}}
{"__type":"$$EventMessageConfirm","confirm":"4a63e0a1-75c2-4219-aab1-932c5a5fbc54","ts":"2025-02-27T08:09:31.325-05:00","source":{"id":"0","name":"eventBus"}}
{"__type":"$$EventMessageWorkflow","id":"cbac1dad-2873-490f-8c09-ab44e123b4f9","ts":"2025-02-27T08:09:31.330-05:00","eventName":"n8n.workflow.success","message":"n8n.workflow.success","payload":{"executionId":"7","userId":"5c4cdec9-7ddb-4515-a50a-4c2f45a40171","success":true,"isManual":true,"workflowId":"mkgspl31vXwl91Nv","workflowName":"publicacion automatica"}}
{"__type":"$$EventMessageConfirm","confirm":"cbac1dad-2873-490f-8c09-ab44e123b4f9","ts":"2025-02-27T08:09:31.330-05:00","source":{"id":"0","name":"eventBus"}}
{"__type":"$$EventMessageWorkflow","id":"9e43dcad-bd57-46e9-b040-7c34cde563f6","ts":"2025-02-27T09:08:37.963-05:00","eventName":"n8n.workflow.started","message":"n8n.workflow.started","payload":{"executionId":"8","workflowId":"mkgspl31vXwl91Nv","isManual":false,"workflowName":"publicacion automatica"}}
{"__type":"$$EventMessageConfirm","confirm":"9e43dcad-bd57-46e9-b040-7c34cde563f6","ts":"2025-02-27T09:08:37.979-05:00","source":{"id":"0","name":"eventBus"}}
{"__type":"$$EventMessageNode","id":"5252acd4-4adc-47e3-b68c-87e79fdc5a03","ts":"2025-02-27T09:08:37.986-05:00","eventName":"n8n.node.started","message":"n8n.node.started","payload":{"workflowId":"mkgspl31vXwl91Nv","workflowName":"publicacion automatica","executionId":"8","nodeType":"n8n-nodes-base.scheduleTrigger","nodeName":"programacion cada hora"}}
{"__type":"$$EventMessageConfirm","confirm":"5252acd4-4adc-47e3-b68c-87e79fdc5a03","ts":"2025-02-27T09:08:37.987-05:00","source":{"id":"0","name":"eventBus"}}
{"__type":"$$EventMessageNode","id":"026f8fc8-696f-4447-beae-d6a80e9635f0","ts":"2025-02-27T09:08:38.027-05:00","eventName":"n8n.node.finished","message":"n8n.node.finished","payload":{"workflowId":"mkgspl31vXwl91Nv","workflowName":"publicacion automatica","executionId":"8","nodeType":"n8n-nodes-base.scheduleTrigger","nodeName":"programacion cada hora"}}
{"__type":"$$EventMessageConfirm","confirm":"026f8fc8-696f-4447-beae-d6a80e9635f0","ts":"2025-02-27T09:08:38.027-05:00","source":{"id":"0","name":"eventBus"}}
{"__type":"$$EventMessageNode","id":"68a503f5-cd57-4a28-80a3-ef5d980441e1","ts":"2025-02-27T09:08:38.028-05:00","eventName":"n8n.node.started","message":"n8n.node.started","payload":{"workflowId":"mkgspl31vXwl91Nv","workflowName":"publicacion automatica","executionId":"8","nodeType":"n8n-nodes-base.telegram","nodeName":"Telegram"}}
{"__type":"$$EventMessageConfirm","confirm":"68a503f5-cd57-4a28-80a3-ef5d980441e1","ts":"2025-02-27T09:08:38.029-05:00","source":{"id":"0","name":"eventBus"}}
{"__type":"$$EventMessageNode","id":"696382d7-f953-4ccc-bd17-f57c44fb5be1","ts":"2025-02-27T09:08:38.856-05:00","eventName":"n8n.node.finished","message":"n8n.node.finished","payload":{"workflowId":"mkgspl31vXwl91Nv","workflowName":"publicacion automatica","executionId":"8","nodeType":"n8n-nodes-base.telegram","nodeName":"Telegram"}}
{"__type":"$$EventMessageConfirm","confirm":"696382d7-f953-4ccc-bd17-f57c44fb5be1","ts":"2025-02-27T09:08:38.856-05:00","source":{"id":"0","name":"eventBus"}}
{"__type":"$$EventMessageWorkflow","id":"e1619214-a388-4f5a-b63e-ef8b45f3d1e8","ts":"2025-02-27T09:08:38.864-05:00","eventName":"n8n.workflow.success","message":"n8n.workflow.success","payload":{"executionId":"8","userId":"5c4cdec9-7ddb-4515-a50a-4c2f45a40171","success":true,"isManual":true,"workflowId":"mkgspl31vXwl91Nv","workflowName":"publicacion automatica"}}
{"__type":"$$EventMessageConfirm","confirm":"e1619214-a388-4f5a-b63e-ef8b45f3d1e8","ts":"2025-02-27T09:08:38.864-05:00","source":{"id":"0","name":"eventBus"}}
{"__type":"$$EventMessageWorkflow","id":"54cf1293-4e27-470e-ad0e-338fd5732df6","ts":"2025-02-27T21:40:32.768-05:00","eventName":"n8n.workflow.started","message":"n8n.workflow.started","payload":{"executionId":"9","workflowId":"mkgspl31vXwl91Nv","isManual":false,"workflowName":"publicacion automatica"}}
{"__type":"$$EventMessageConfirm","confirm":"54cf1293-4e27-470e-ad0e-338fd5732df6","ts":"2025-02-27T21:40:32.775-05:00","source":{"id":"0","name":"eventBus"}}
{"__type":"$$EventMessageNode","id":"742de558-a685-45d0-b7a3-40bf92de79c9","ts":"2025-02-27T21:40:32.778-05:00","eventName":"n8n.node.started","message":"n8n.node.started","payload":{"workflowId":"mkgspl31vXwl91Nv","workflowName":"publicacion automatica","executionId":"9","nodeType":"n8n-nodes-base.scheduleTrigger","nodeName":"programacion cada hora"}}
{"__type":"$$EventMessageConfirm","confirm":"742de558-a685-45d0-b7a3-40bf92de79c9","ts":"2025-02-27T21:40:32.778-05:00","source":{"id":"0","name":"eventBus"}}
{"__type":"$$EventMessageNode","id":"d85cbe2b-9b35-4823-9bc5-535bf6ab8546","ts":"2025-02-27T21:40:32.809-05:00","eventName":"n8n.node.finished","message":"n8n.node.finished","payload":{"workflowId":"mkgspl31vXwl91Nv","workflowName":"publicacion automatica","executionId":"9","nodeType":"n8n-nodes-base.scheduleTrigger","nodeName":"programacion cada hora"}}
{"__type":"$$EventMessageConfirm","confirm":"d85cbe2b-9b35-4823-9bc5-535bf6ab8546","ts":"2025-02-27T21:40:32.809-05:00","source":{"id":"0","name":"eventBus"}}
{"__type":"$$EventMessageNode","id":"ffbb19b0-60a8-44a4-bec2-060c844c732c","ts":"2025-02-27T21:40:32.811-05:00","eventName":"n8n.node.started","message":"n8n.node.started","payload":{"workflowId":"mkgspl31vXwl91Nv","workflowName":"publicacion automatica","executionId":"9","nodeType":"n8n-nodes-base.telegram","nodeName":"Telegram"}}
{"__type":"$$EventMessageConfirm","confirm":"ffbb19b0-60a8-44a4-bec2-060c844c732c","ts":"2025-02-27T21:40:32.811-05:00","source":{"id":"0","name":"eventBus"}}
{"__type":"$$EventMessageNode","id":"55641e99-9662-4d64-b600-cbbeb88d9f49","ts":"2025-02-27T21:40:33.489-05:00","eventName":"n8n.node.finished","message":"n8n.node.finished","payload":{"workflowId":"mkgspl31vXwl91Nv","workflowName":"publicacion automatica","executionId":"9","nodeType":"n8n-nodes-base.telegram","nodeName":"Telegram"}}
{"__type":"$$EventMessageConfirm","confirm":"55641e99-9662-4d64-b600-cbbeb88d9f49","ts":"2025-02-27T21:40:33.490-05:00","source":{"id":"0","name":"eventBus"}}
{"__type":"$$EventMessageWorkflow","id":"da6f49ca-3085-4d2a-b383-d96bbc0dcb33","ts":"2025-02-27T21:40:33.505-05:00","eventName":"n8n.workflow.success","message":"n8n.workflow.success","payload":{"executionId":"9","userId":"5c4cdec9-7ddb-4515-a50a-4c2f45a40171","success":true,"isManual":true,"workflowId":"mkgspl31vXwl91Nv","workflowName":"publicacion automatica"}}
{"__type":"$$EventMessageConfirm","confirm":"da6f49ca-3085-4d2a-b383-d96bbc0dcb33","ts":"2025-02-27T21:40:33.505-05:00","source":{"id":"0","name":"eventBus"}}
